<?xml version="1.0" encoding="UTF-8"?>
<!-- Generated by org.testng.reporters.JUnitXMLReporter -->
<testsuite ignored="0" hostname="Anshitas-MacBook-Pro.local" failures="0" tests="2" name="Rest API regression Test" time="3.189" errors="0" timestamp="06 Dec 2021 14:07:29 GMT">
  <testcase classname="com.qa.api.gorest.tests.ProductTest" name="productTest" time="3.131"/>
  <testcase classname="com.qa.api.gorest.tests.CustomerTest" name="customerTest" time="3.157"/>
</testsuite> <!-- Rest API regression Test -->
