<?xml version="1.0" encoding="UTF-8"?>
<!-- Generated by org.testng.reporters.JUnitXMLReporter -->
<testsuite ignored="0" hostname="Anshitas-MacBook-Pro.local" failures="0" tests="2" name="Rest API regression Test" time="3.685" errors="0" timestamp="07 Dec 2021 07:42:32 GMT">
  <testcase classname="com.qa.api.gorest.tests.ProductTest" name="productTest" time="3.543"/>
  <testcase classname="com.qa.api.gorest.tests.CustomerTest" name="customerTest" time="3.621"/>
</testsuite> <!-- Rest API regression Test -->
