<?xml version="1.0" encoding="UTF-8"?>
<testsuite xmlns:xsi="http://www.w3.org/2001/XMLSchema-instance" xsi:noNamespaceSchemaLocation="https://maven.apache.org/surefire/maven-surefire-plugin/xsd/surefire-test-report.xsd" name="TestSuite" time="6.143" tests="2" errors="0" skipped="0" failures="0">
  <properties>
[...]
</properties>
  <testcase name="productTest" classname="com.qa.api.gorest.tests.ProductTest" time="3.777"/>
  <testcase name="customerTest" classname="com.qa.api.gorest.tests.CustomerTest" time="4.446"/>
</testsuite>